<?xml version="1.0" encoding="UTF-8"?>
<testsuite xmlns:xsi="http://www.w3.org/2001/XMLSchema-instance" xsi:noNamespaceSchemaLocation="https://maven.apache.org/surefire/maven-surefire-plugin/xsd/surefire-test-report-3.0.xsd" version="3.0" name="com.smiles.smilesFlightFinder.SmilesFlightFinderApplicationTests" time="12.03" tests="1" errors="0" skipped="0" failures="0">
  <properties>
[...]
</properties>
  <testcase name="contextLoads" classname="com.smiles.smilesFlightFinder.SmilesFlightFinderApplicationTests" time="3.016">
    <system-out><![CDATA[11:48:05.870 [main] INFO org.springframework.test.context.support.AnnotationConfigContextLoaderUtils -- Could not detect default configuration classes for test class [com.smiles.smilesFlightFinder.SmilesFlightFinderApplicationTests]: SmilesFlightFinderApplicationTests does not declare any static, non-private, non-final, nested classes annotated with @Configuration.
11:48:06.241 [main] INFO org.springframework.boot.test.context.SpringBootTestContextBootstrapper -- Found @SpringBootConfiguration com.smiles.smilesFlightFinder.SmilesFlightFinderApplication for test class com.smiles.smilesFlightFinder.SmilesFlightFinderApplicationTests

  .   ____          _            __ _ _
 /\\ / ___'_ __ _ _(_)_ __  __ _ \ \ \ \
( ( )\___ | '_ | '_| | '_ \/ _` | \ \ \ \
 \\/  ___)| |_)| | | | | || (_| |  ) ) ) )
  '  |____| .__|_| |_|_| |_\__, | / / / /
 =========|_|==============|___/=/_/_/_/

 :: Spring Boot ::                (v3.3.2)

2024-07-29T11:48:07.397-03:00  INFO 11948 --- [smilesFlightFinder] [           main] c.s.s.SmilesFlightFinderApplicationTests : Starting SmilesFlightFinderApplicationTests using Java 17.0.12 with PID 11948 (started by flypo in C:\Users\flypo\OneDrive\Área de Trabalho\smilesFlightFinder)
2024-07-29T11:48:07.400-03:00  INFO 11948 --- [smilesFlightFinder] [           main] c.s.s.SmilesFlightFinderApplicationTests : No active profile set, falling back to 1 default profile: "default"
2024-07-29T11:48:12.075-03:00  INFO 11948 --- [smilesFlightFinder] [           main] o.s.b.a.w.s.WelcomePageHandlerMapping    : Adding welcome page template: index
2024-07-29T11:48:14.181-03:00  INFO 11948 --- [smilesFlightFinder] [           main] c.s.s.SmilesFlightFinderApplicationTests : Started SmilesFlightFinderApplicationTests in 7.48 seconds (process running for 10.905)
]]></system-out>
  </testcase>
</testsuite>